<!DOCTYPE html PUBLIC "-//W3C//DTD XHTML 1.1//EN" "http://www.w3.org/TR/xhtml11/DTD/xhtml11.dtd">
<html xmlns="http://www.w3.org/1999/xhtml"><head><title>TestNG Report</title><style type="text/css">table {margin-bottom:10px;border-collapse:collapse;empty-cells:show}th,td {border:1px solid #009;padding:.25em .5em}th {vertical-align:bottom}td {vertical-align:top}table a {font-weight:bold}.stripe td {background-color: #E6EBF9}.num {text-align:right}.passedodd td {background-color: #3F3}.passedeven td {background-color: #0A0}.skippedodd td {background-color: #DDD}.skippedeven td {background-color: #CCC}.failedodd td,.attn {background-color: #F33}.failedeven td,.stripe .attn {background-color: #D00}.stacktrace {white-space:pre;font-family:monospace}.totop {font-size:85%;text-align:center;border-bottom:2px solid #000}</style></head><body><table><tr><th>Test</th><th># Passed</th><th># Skipped</th><th># Failed</th><th>Time (ms)</th><th>Included Groups</th><th>Excluded Groups</th></tr><tr><th colspan="7">BrowserPOC_Tests</th></tr><tr><td><a href="#t0">ChapterTest</a></td><td class="num">0</td><td class="num attn">1</td><td class="num">0</td><td class="num">7,474</td><td>TitleVerification</td><td>DragVideoScrubber, PlayPause</td></tr></table><table><thead><tr><th>Class</th><th>Method</th><th>Start</th><th>Time (ms)</th></tr></thead><tbody><tr><th colspan="4">BrowserPOC_Tests</th></tr></tbody><tbody id="t0"><tr><th colspan="4">ChapterTest &#8212; failed (configuration methods)</th></tr><tr class="failedeven"><td rowspan="2">com.pearson.tests.ChapterTest</td><td><a href="#m0">afterClassTest</a></td><td rowspan="1">1413211115875</td><td rowspan="1">0</td></tr><tr class="failedeven"><td><a href="#m1">setupClassTest</a></td><td rowspan="1">1413211109860</td><td rowspan="1">0</td></tr><tr><th colspan="4">ChapterTest &#8212; skipped (configuration methods)</th></tr><tr class="skippedeven"><td rowspan="1">com.pearson.tests.ChapterTest</td><td><a href="#m2">logMethod</a></td><td rowspan="1">1413211115871</td><td rowspan="1">0</td></tr><tr><th colspan="4">ChapterTest &#8212; skipped</th></tr><tr class="skippedeven"><td rowspan="1">com.pearson.tests.ChapterTest</td><td><a href="#m3">TitleVerification</a></td><td rowspan="1">1413211115872</td><td rowspan="1">1</td></tr></tbody></table><h2>ChapterTest</h2><h3 id="m0">com.pearson.tests.ChapterTest#afterClassTest</h3><table class="result"><tr><th>Exception</th></tr><tr><td><div class="stacktrace">org.openqa.selenium.WebDriverException: chrome not reachable
  (Session info: chrome=37.0.2062.124)
  (Driver info: chromedriver=2.10.267521,platform=Windows NT 6.1 SP1 x86_64) (WARNING: The server did not provide any stacktrace information)
Command duration or timeout: 1.01 seconds
Build info: version: &apos;2.42.1&apos;, revision: &apos;68b415adb11acca4286be45124325cc36cfc4a51&apos;, time: &apos;2014-05-29 09:21:55&apos;
System info: host: &apos;HMECL000514&apos;, ip: &apos;192.168.254.1&apos;, os.name: &apos;Windows 7&apos;, os.arch: &apos;amd64&apos;, os.version: &apos;6.1&apos;, java.version: &apos;1.7.0_51&apos;
Session ID: 343f49146898c798297e4b8cb708786d
Driver info: org.openqa.selenium.chrome.ChromeDriver
Capabilities [{platform=XP, acceptSslCerts=true, javascriptEnabled=true, browserName=chrome, chrome={userDataDir=C:\Users\RANJIT~1.BRA\AppData\Local\Temp\scoped_dir10364_10117}, rotatable=false, locationContextEnabled=true, version=37.0.2062.124, takesHeapSnapshot=true, cssSelectorsEnabled=true, databaseEnabled=false, handlesAlerts=true, browserConnectionEnabled=false, nativeEvents=true, webStorageEnabled=true, applicationCacheEnabled=false, takesScreenshot=true}]
	at org.openqa.selenium.remote.ErrorHandler.createThrowable(ErrorHandler.java:204)
	at org.openqa.selenium.remote.ErrorHandler.throwIfResponseFailed(ErrorHandler.java:156)
	at org.openqa.selenium.remote.RemoteWebDriver.execute(RemoteWebDriver.java:600)
	at org.openqa.selenium.remote.RemoteWebDriver.execute(RemoteWebDriver.java:615)
	at org.openqa.selenium.remote.RemoteWebDriver.getWindowHandles(RemoteWebDriver.java:478)
	at com.pearson.test.eselenium.framework.drivers.DefaultUIDriver.isAvailable(DefaultUIDriver.java:719)
	at com.pearson.test.eselenium.framework.drivers.DefaultUIDriver.quit(DefaultUIDriver.java:480)
	at com.pearson.tests.MediaPlayerTest.afterClassTest(MediaPlayerTest.java:139)
... Removed 28 stack frames</div></td></tr></table><p class="totop"><a href="#summary">back to summary</a></p><h3 id="m1">com.pearson.tests.ChapterTest#setupClassTest</h3><table class="result"><tr class="param"><th>Parameter #1</th></tr><tr class="param stripe"><td>none_specified</td></tr><tr><th>Exception</th></tr><tr><td><div class="stacktrace">org.openqa.selenium.WebDriverException: unknown error: cannot get automation extension
from disconnected: received Inspector.detached event
  (Session info: chrome=37.0.2062.124)
  (Driver info: chromedriver=2.10.267521,platform=Windows NT 6.1 SP1 x86_64) (WARNING: The server did not provide any stacktrace information)
Command duration or timeout: 1.17 seconds
Build info: version: &apos;2.42.1&apos;, revision: &apos;68b415adb11acca4286be45124325cc36cfc4a51&apos;, time: &apos;2014-05-29 09:21:55&apos;
System info: host: &apos;HMECL000514&apos;, ip: &apos;192.168.254.1&apos;, os.name: &apos;Windows 7&apos;, os.arch: &apos;amd64&apos;, os.version: &apos;6.1&apos;, java.version: &apos;1.7.0_51&apos;
Session ID: 343f49146898c798297e4b8cb708786d
Driver info: org.openqa.selenium.chrome.ChromeDriver
Capabilities [{platform=XP, acceptSslCerts=true, javascriptEnabled=true, browserName=chrome, chrome={userDataDir=C:\Users\RANJIT~1.BRA\AppData\Local\Temp\scoped_dir10364_10117}, rotatable=false, locationContextEnabled=true, version=37.0.2062.124, takesHeapSnapshot=true, cssSelectorsEnabled=true, databaseEnabled=false, handlesAlerts=true, browserConnectionEnabled=false, nativeEvents=true, webStorageEnabled=true, applicationCacheEnabled=false, takesScreenshot=true}]
	at org.openqa.selenium.remote.ErrorHandler.createThrowable(ErrorHandler.java:204)
	at org.openqa.selenium.remote.ErrorHandler.throwIfResponseFailed(ErrorHandler.java:156)
	at org.openqa.selenium.remote.RemoteWebDriver.execute(RemoteWebDriver.java:600)
	at org.openqa.selenium.remote.RemoteWebDriver$RemoteWebDriverOptions$RemoteWindow.maximize(RemoteWebDriver.java:830)
	at com.pearson.tests.MediaPlayerTest.setupClassTest(MediaPlayerTest.java:106)
... Removed 28 stack frames</div></td></tr></table><p class="totop"><a href="#summary">back to summary</a></p><h3 id="m2">com.pearson.tests.ChapterTest#logMethod</h3><table class="result"></table><p class="totop"><a href="#summary">back to summary</a></p><h3 id="m3">com.pearson.tests.ChapterTest#TitleVerification</h3><table class="result"></table><p class="totop"><a href="#summary">back to summary</a></p></body></html>