<?xml version="1.0" encoding="UTF-8"?>
<testng-results skipped="1" failed="0" total="1" passed="0">
  <reporter-output>
    <line>
      <![CDATA[<a class='eSeScreenshot' href="../../../../artifact/target/failsafe-reports/screenShots/2014.10.13_at_20.08.35.289_setupClassTest2_desktop.png" target="_blank"><img width='200' src='../../../../artifact/target/failsafe-reports/screenShots/2014.10.13_at_20.08.35.289_setupClassTest2_desktop.png' /></a>]]>
    </line>
    <line>
      <![CDATA[<a class='eSeScreenshot' href="../../../../artifact/target/failsafe-reports/screenShots/2014.10.13_at_20.08.36.883_afterClassTest2_desktop.png" target="_blank"><img width='200' src='../../../../artifact/target/failsafe-reports/screenShots/2014.10.13_at_20.08.36.883_afterClassTest2_desktop.png' /></a>]]>
    </line>
  </reporter-output>
  <suite name="BrowserPOC_Tests" duration-ms="7474" started-at="2014-10-13T14:38:29Z" finished-at="2014-10-13T14:38:37Z">
    <groups>
      <group name="TitleVerification">
        <method signature="ChapterTest.TitleVerification()[pri:0, instance:com.pearson.tests.ChapterTest@6f20bd9a]" name="TitleVerification" class="com.pearson.tests.ChapterTest"/>
      </group> <!-- TitleVerification -->
      <group name="regression">
        <method signature="ChapterTest.TitleVerification()[pri:0, instance:com.pearson.tests.ChapterTest@6f20bd9a]" name="TitleVerification" class="com.pearson.tests.ChapterTest"/>
      </group> <!-- regression -->
    </groups>
    <test name="ChapterTest" duration-ms="7474" started-at="2014-10-13T14:38:29Z" finished-at="2014-10-13T14:38:37Z">
      <class name="com.pearson.tests.ChapterTest">
        <test-method status="PASS" signature="cleanupDrivers()[pri:0, instance:com.pearson.tests.ChapterTest@6f20bd9a]" name="cleanupDrivers" is-config="true" duration-ms="876" started-at="2014-10-13T20:08:28Z" finished-at="2014-10-13T20:08:29Z">
          <reporter-output>
          </reporter-output>
        </test-method> <!-- cleanupDrivers -->
        <test-method status="PASS" signature="logTest(org.testng.ITestContext)[pri:0, instance:com.pearson.tests.ChapterTest@6f20bd9a]" name="logTest" is-config="true" duration-ms="3" started-at="2014-10-13T20:08:29Z" finished-at="2014-10-13T20:08:29Z">
          <params>
            <param index="0">
              <value>
                <![CDATA[org.testng.TestRunner@762eefed]]>
              </value>
            </param>
          </params>
          <reporter-output>
          </reporter-output>
        </test-method> <!-- logTest -->
        <test-method status="FAIL" signature="setupClassTest(java.lang.String)[pri:0, instance:com.pearson.tests.ChapterTest@6f20bd9a]" name="setupClassTest" is-config="true" duration-ms="0" started-at="2014-10-13T20:08:29Z" finished-at="2014-10-13T20:08:29Z">
          <params>
            <param index="0">
              <value>
                <![CDATA[none_specified]]>
              </value>
            </param>
          </params>
          <exception class="org.openqa.selenium.WebDriverException">
            <message>
              <![CDATA[unknown error: cannot get automation extension
from disconnected: received Inspector.detached event
  (Session info: chrome=37.0.2062.124)
  (Driver info: chromedriver=2.10.267521,platform=Windows NT 6.1 SP1 x86_64) (WARNING: The server did not provide any stacktrace information)
Command duration or timeout: 1.17 seconds
Build info: version: '2.42.1', revision: '68b415adb11acca4286be45124325cc36cfc4a51', time: '2014-05-29 09:21:55'
System info: host: 'HMECL000514', ip: '192.168.254.1', os.name: 'Windows 7', os.arch: 'amd64', os.version: '6.1', java.version: '1.7.0_51'
Session ID: 343f49146898c798297e4b8cb708786d
Driver info: org.openqa.selenium.chrome.ChromeDriver
Capabilities [{platform=XP, acceptSslCerts=true, javascriptEnabled=true, browserName=chrome, chrome={userDataDir=C:\Users\RANJIT~1.BRA\AppData\Local\Temp\scoped_dir10364_10117}, rotatable=false, locationContextEnabled=true, version=37.0.2062.124, takesHeapSnapshot=true, cssSelectorsEnabled=true, databaseEnabled=false, handlesAlerts=true, browserConnectionEnabled=false, nativeEvents=true, webStorageEnabled=true, applicationCacheEnabled=false, takesScreenshot=true}]]]>
            </message>
            <full-stacktrace>
              <![CDATA[org.openqa.selenium.WebDriverException: unknown error: cannot get automation extension
from disconnected: received Inspector.detached event
  (Session info: chrome=37.0.2062.124)
  (Driver info: chromedriver=2.10.267521,platform=Windows NT 6.1 SP1 x86_64) (WARNING: The server did not provide any stacktrace information)
Command duration or timeout: 1.17 seconds
Build info: version: '2.42.1', revision: '68b415adb11acca4286be45124325cc36cfc4a51', time: '2014-05-29 09:21:55'
System info: host: 'HMECL000514', ip: '192.168.254.1', os.name: 'Windows 7', os.arch: 'amd64', os.version: '6.1', java.version: '1.7.0_51'
Session ID: 343f49146898c798297e4b8cb708786d
Driver info: org.openqa.selenium.chrome.ChromeDriver
Capabilities [{platform=XP, acceptSslCerts=true, javascriptEnabled=true, browserName=chrome, chrome={userDataDir=C:\Users\RANJIT~1.BRA\AppData\Local\Temp\scoped_dir10364_10117}, rotatable=false, locationContextEnabled=true, version=37.0.2062.124, takesHeapSnapshot=true, cssSelectorsEnabled=true, databaseEnabled=false, handlesAlerts=true, browserConnectionEnabled=false, nativeEvents=true, webStorageEnabled=true, applicationCacheEnabled=false, takesScreenshot=true}]
	at sun.reflect.NativeConstructorAccessorImpl.newInstance0(Native Method)
	at sun.reflect.NativeConstructorAccessorImpl.newInstance(NativeConstructorAccessorImpl.java:57)
	at sun.reflect.DelegatingConstructorAccessorImpl.newInstance(DelegatingConstructorAccessorImpl.java:45)
	at java.lang.reflect.Constructor.newInstance(Constructor.java:526)
	at org.openqa.selenium.remote.ErrorHandler.createThrowable(ErrorHandler.java:204)
	at org.openqa.selenium.remote.ErrorHandler.throwIfResponseFailed(ErrorHandler.java:156)
	at org.openqa.selenium.remote.RemoteWebDriver.execute(RemoteWebDriver.java:600)
	at org.openqa.selenium.remote.RemoteWebDriver$RemoteWebDriverOptions$RemoteWindow.maximize(RemoteWebDriver.java:830)
	at com.pearson.tests.MediaPlayerTest.setupClassTest(MediaPlayerTest.java:106)
	at sun.reflect.NativeMethodAccessorImpl.invoke0(Native Method)
	at sun.reflect.NativeMethodAccessorImpl.invoke(NativeMethodAccessorImpl.java:57)
	at sun.reflect.DelegatingMethodAccessorImpl.invoke(DelegatingMethodAccessorImpl.java:43)
	at java.lang.reflect.Method.invoke(Method.java:606)
	at org.testng.internal.MethodInvocationHelper.invokeMethod(MethodInvocationHelper.java:84)
	at org.testng.internal.Invoker.invokeConfigurationMethod(Invoker.java:564)
	at org.testng.internal.Invoker.invokeConfigurations(Invoker.java:213)
	at org.testng.internal.Invoker.invokeConfigurations(Invoker.java:138)
	at org.testng.internal.TestMethodWorker.invokeBeforeClassMethods(TestMethodWorker.java:175)
	at org.testng.internal.TestMethodWorker.run(TestMethodWorker.java:107)
	at org.testng.TestRunner.privateRun(TestRunner.java:767)
	at org.testng.TestRunner.run(TestRunner.java:617)
	at org.testng.SuiteRunner.runTest(SuiteRunner.java:334)
	at org.testng.SuiteRunner.runSequentially(SuiteRunner.java:329)
	at org.testng.SuiteRunner.privateRun(SuiteRunner.java:291)
	at org.testng.SuiteRunner.run(SuiteRunner.java:240)
	at org.testng.SuiteRunnerWorker.runSuite(SuiteRunnerWorker.java:52)
	at org.testng.SuiteRunnerWorker.run(SuiteRunnerWorker.java:86)
	at org.testng.TestNG.runSuitesSequentially(TestNG.java:1224)
	at org.testng.TestNG.runSuitesLocally(TestNG.java:1149)
	at org.testng.TestNG.run(TestNG.java:1057)
	at org.testng.remote.RemoteTestNG.run(RemoteTestNG.java:111)
	at org.testng.remote.RemoteTestNG.initAndRun(RemoteTestNG.java:204)
	at org.testng.remote.RemoteTestNG.main(RemoteTestNG.java:175)
]]>
            </full-stacktrace>
          </exception> <!-- org.openqa.selenium.WebDriverException -->
          <reporter-output>
          </reporter-output>
        </test-method> <!-- setupClassTest -->
        <test-method status="SKIP" signature="logMethod(java.lang.reflect.Method)[pri:0, instance:com.pearson.tests.ChapterTest@6f20bd9a]" name="logMethod" is-config="true" duration-ms="0" started-at="2014-10-13T20:08:35Z" finished-at="2014-10-13T20:08:35Z">
          <reporter-output>
          </reporter-output>
        </test-method> <!-- logMethod -->
        <test-method status="SKIP" signature="TitleVerification()[pri:0, instance:com.pearson.tests.ChapterTest@6f20bd9a]" name="TitleVerification" duration-ms="1" started-at="2014-10-13T20:08:35Z" finished-at="2014-10-13T20:08:35Z">
          <reporter-output>
          </reporter-output>
        </test-method> <!-- TitleVerification -->
        <test-method status="PASS" signature="afterMethod(java.lang.reflect.Method)[pri:0, instance:com.pearson.tests.ChapterTest@6f20bd9a]" name="afterMethod" is-config="true" duration-ms="1" started-at="2014-10-13T20:08:35Z" finished-at="2014-10-13T20:08:35Z">
          <params>
            <param index="0">
              <value>
                <![CDATA[public void com.pearson.tests.ChapterTest.TitleVerification() throws java.awt.AWTException]]>
              </value>
            </param>
          </params>
          <reporter-output>
          </reporter-output>
        </test-method> <!-- afterMethod -->
        <test-method status="FAIL" signature="afterClassTest()[pri:0, instance:com.pearson.tests.ChapterTest@6f20bd9a]" name="afterClassTest" is-config="true" duration-ms="0" started-at="2014-10-13T20:08:35Z" finished-at="2014-10-13T20:08:35Z">
          <exception class="org.openqa.selenium.WebDriverException">
            <message>
              <![CDATA[chrome not reachable
  (Session info: chrome=37.0.2062.124)
  (Driver info: chromedriver=2.10.267521,platform=Windows NT 6.1 SP1 x86_64) (WARNING: The server did not provide any stacktrace information)
Command duration or timeout: 1.01 seconds
Build info: version: '2.42.1', revision: '68b415adb11acca4286be45124325cc36cfc4a51', time: '2014-05-29 09:21:55'
System info: host: 'HMECL000514', ip: '192.168.254.1', os.name: 'Windows 7', os.arch: 'amd64', os.version: '6.1', java.version: '1.7.0_51'
Session ID: 343f49146898c798297e4b8cb708786d
Driver info: org.openqa.selenium.chrome.ChromeDriver
Capabilities [{platform=XP, acceptSslCerts=true, javascriptEnabled=true, browserName=chrome, chrome={userDataDir=C:\Users\RANJIT~1.BRA\AppData\Local\Temp\scoped_dir10364_10117}, rotatable=false, locationContextEnabled=true, version=37.0.2062.124, takesHeapSnapshot=true, cssSelectorsEnabled=true, databaseEnabled=false, handlesAlerts=true, browserConnectionEnabled=false, nativeEvents=true, webStorageEnabled=true, applicationCacheEnabled=false, takesScreenshot=true}]]]>
            </message>
            <full-stacktrace>
              <![CDATA[org.openqa.selenium.WebDriverException: chrome not reachable
  (Session info: chrome=37.0.2062.124)
  (Driver info: chromedriver=2.10.267521,platform=Windows NT 6.1 SP1 x86_64) (WARNING: The server did not provide any stacktrace information)
Command duration or timeout: 1.01 seconds
Build info: version: '2.42.1', revision: '68b415adb11acca4286be45124325cc36cfc4a51', time: '2014-05-29 09:21:55'
System info: host: 'HMECL000514', ip: '192.168.254.1', os.name: 'Windows 7', os.arch: 'amd64', os.version: '6.1', java.version: '1.7.0_51'
Session ID: 343f49146898c798297e4b8cb708786d
Driver info: org.openqa.selenium.chrome.ChromeDriver
Capabilities [{platform=XP, acceptSslCerts=true, javascriptEnabled=true, browserName=chrome, chrome={userDataDir=C:\Users\RANJIT~1.BRA\AppData\Local\Temp\scoped_dir10364_10117}, rotatable=false, locationContextEnabled=true, version=37.0.2062.124, takesHeapSnapshot=true, cssSelectorsEnabled=true, databaseEnabled=false, handlesAlerts=true, browserConnectionEnabled=false, nativeEvents=true, webStorageEnabled=true, applicationCacheEnabled=false, takesScreenshot=true}]
	at sun.reflect.NativeConstructorAccessorImpl.newInstance0(Native Method)
	at sun.reflect.NativeConstructorAccessorImpl.newInstance(NativeConstructorAccessorImpl.java:57)
	at sun.reflect.DelegatingConstructorAccessorImpl.newInstance(DelegatingConstructorAccessorImpl.java:45)
	at java.lang.reflect.Constructor.newInstance(Constructor.java:526)
	at org.openqa.selenium.remote.ErrorHandler.createThrowable(ErrorHandler.java:204)
	at org.openqa.selenium.remote.ErrorHandler.throwIfResponseFailed(ErrorHandler.java:156)
	at org.openqa.selenium.remote.RemoteWebDriver.execute(RemoteWebDriver.java:600)
	at org.openqa.selenium.remote.RemoteWebDriver.execute(RemoteWebDriver.java:615)
	at org.openqa.selenium.remote.RemoteWebDriver.getWindowHandles(RemoteWebDriver.java:478)
	at com.pearson.test.eselenium.framework.drivers.DefaultUIDriver.isAvailable(DefaultUIDriver.java:719)
	at com.pearson.test.eselenium.framework.drivers.DefaultUIDriver.quit(DefaultUIDriver.java:480)
	at com.pearson.tests.MediaPlayerTest.afterClassTest(MediaPlayerTest.java:139)
	at sun.reflect.NativeMethodAccessorImpl.invoke0(Native Method)
	at sun.reflect.NativeMethodAccessorImpl.invoke(NativeMethodAccessorImpl.java:57)
	at sun.reflect.DelegatingMethodAccessorImpl.invoke(DelegatingMethodAccessorImpl.java:43)
	at java.lang.reflect.Method.invoke(Method.java:606)
	at org.testng.internal.MethodInvocationHelper.invokeMethod(MethodInvocationHelper.java:84)
	at org.testng.internal.Invoker.invokeConfigurationMethod(Invoker.java:564)
	at org.testng.internal.Invoker.invokeConfigurations(Invoker.java:213)
	at org.testng.internal.Invoker.invokeConfigurations(Invoker.java:138)
	at org.testng.internal.TestMethodWorker.invokeAfterClassMethods(TestMethodWorker.java:225)
	at org.testng.internal.TestMethodWorker.run(TestMethodWorker.java:114)
	at org.testng.TestRunner.privateRun(TestRunner.java:767)
	at org.testng.TestRunner.run(TestRunner.java:617)
	at org.testng.SuiteRunner.runTest(SuiteRunner.java:334)
	at org.testng.SuiteRunner.runSequentially(SuiteRunner.java:329)
	at org.testng.SuiteRunner.privateRun(SuiteRunner.java:291)
	at org.testng.SuiteRunner.run(SuiteRunner.java:240)
	at org.testng.SuiteRunnerWorker.runSuite(SuiteRunnerWorker.java:52)
	at org.testng.SuiteRunnerWorker.run(SuiteRunnerWorker.java:86)
	at org.testng.TestNG.runSuitesSequentially(TestNG.java:1224)
	at org.testng.TestNG.runSuitesLocally(TestNG.java:1149)
	at org.testng.TestNG.run(TestNG.java:1057)
	at org.testng.remote.RemoteTestNG.run(RemoteTestNG.java:111)
	at org.testng.remote.RemoteTestNG.initAndRun(RemoteTestNG.java:204)
	at org.testng.remote.RemoteTestNG.main(RemoteTestNG.java:175)
]]>
            </full-stacktrace>
          </exception> <!-- org.openqa.selenium.WebDriverException -->
          <reporter-output>
          </reporter-output>
        </test-method> <!-- afterClassTest -->
        <test-method status="PASS" signature="afterTest(org.testng.ITestContext)[pri:0, instance:com.pearson.tests.ChapterTest@6f20bd9a]" name="afterTest" is-config="true" duration-ms="1" started-at="2014-10-13T20:08:37Z" finished-at="2014-10-13T20:08:37Z">
          <params>
            <param index="0">
              <value>
                <![CDATA[org.testng.TestRunner@762eefed]]>
              </value>
            </param>
          </params>
          <reporter-output>
          </reporter-output>
        </test-method> <!-- afterTest -->
        <test-method status="PASS" signature="cleanupDrivers()[pri:0, instance:com.pearson.tests.ChapterTest@6f20bd9a]" name="cleanupDrivers" is-config="true" duration-ms="897" started-at="2014-10-13T20:08:37Z" finished-at="2014-10-13T20:08:38Z">
          <reporter-output>
          </reporter-output>
        </test-method> <!-- cleanupDrivers -->
        <test-method status="PASS" signature="afterSuite(int)[pri:0, instance:com.pearson.tests.ChapterTest@6f20bd9a]" name="afterSuite" is-config="true" duration-ms="517" started-at="2014-10-13T20:08:38Z" depends-on-methods="com.pearson.tests.MediaPlayerTest.cleanupDrivers" finished-at="2014-10-13T20:08:38Z">
          <params>
            <param index="0">
              <value>
                <![CDATA[5]]>
              </value>
            </param>
          </params>
          <reporter-output>
          </reporter-output>
        </test-method> <!-- afterSuite -->
      </class> <!-- com.pearson.tests.ChapterTest -->
    </test> <!-- ChapterTest -->
  </suite> <!-- BrowserPOC_Tests -->
</testng-results>
