<?xml version="1.0" encoding="UTF-8"?>
<!-- Generated by org.testng.reporters.JUnitXMLReporter -->
<testsuite hostname="HMECL000514" name="Single Caption" tests="11" failures="5" timestamp="18 Sep 2014 11:57:32 GMT" time="515.803" errors="0">
  <testcase name="CaptionPresence" time="35.36" classname="com.pearson.tests.SingleCaption"/>
  <testcase name="CaptionValidation" time="46.707" classname="com.pearson.tests.SingleCaption">
    <failure type="com.pearson.test.eselenium.framework.exceptions.TimeOutException" message="Verification exception for element: Timed out: After 20044ms, failed to display element [Locator = {By.id: captionBtn}]">
      <![CDATA[com.pearson.test.eselenium.framework.exceptions.TimeOutException: Verification exception for element: Timed out: After 20044ms, failed to display element [Locator = {By.id: captionBtn}]
	at com.pearson.test.eselenium.framework.elements.DefaultUIElement.waitToBeDisplayed(DefaultUIElement.java:991)
	at com.pearson.test.eselenium.framework.drivers.DefaultUIDriver.waitToBeDisplayed(DefaultUIDriver.java:677)
	at com.pearson.tests.SingleCaption.CaptionValidation(SingleCaption.java:193)
... Removed 24 stack frames]]>
    </failure>
  </testcase> <!-- CaptionValidation -->
  <testcase name="DragVideoScrubber" time="67.641" classname="com.pearson.tests.SingleCaption">
    <failure type="com.pearson.test.eselenium.framework.exceptions.TimeOutException" message="Verification exception for element: Timed out: Failed to click on element [Locator = {By.selector: button[id=&amp;apos;playBtn&amp;apos;][value=&amp;apos;Play Video&amp;apos;]}] because this element is not displayed. If desired behavior is to click on element which is not displayed, and continue without exception please use clickNoWait() method ! Previous Exception: Verification exception for element: Timed out: After 40130ms, failed to display element [Locator = {By.selector: button[id=&amp;apos;playBtn&amp;apos;][value=&amp;apos;Play Video&amp;apos;]}]">
      <![CDATA[com.pearson.test.eselenium.framework.exceptions.TimeOutException: Verification exception for element: Timed out: Failed to click on element [Locator = {By.selector: button[id='playBtn'][value='Play Video']}] because this element is not displayed. If desired behavior is to click on element which is not displayed, and continue without exception please use clickNoWait() method ! Previous Exception: Verification exception for element: Timed out: After 40130ms, failed to display element [Locator = {By.selector: button[id='playBtn'][value='Play Video']}]
	at com.pearson.test.eselenium.framework.elements.DefaultUIElement.click(DefaultUIElement.java:225)
	at com.pearson.tests.SingleCaption.DragVideoScrubber(SingleCaption.java:86)
... Removed 24 stack frames]]>
    </failure>
  </testcase> <!-- DragVideoScrubber -->
  <testcase name="DragVolume" time="27.018" classname="com.pearson.tests.SingleCaption"/>
  <testcase name="HoverPlayButton" time="40.69" classname="com.pearson.tests.SingleCaption"/>
  <testcase name="MoreInfoButton" time="25.437" classname="com.pearson.tests.SingleCaption"/>
  <testcase name="PlayPause" time="30.473" classname="com.pearson.tests.SingleCaption">
    <failure type="java.lang.AssertionError" message="expected [Play Video] but found []">
      <![CDATA[java.lang.AssertionError: expected [Play Video] but found []
	at com.pearson.tests.SingleCaption.PlayPause(SingleCaption.java:73)
... Removed 29 stack frames]]>
    </failure>
  </testcase> <!-- PlayPause -->
  <testcase name="ReplayButton" time="134.296" classname="com.pearson.tests.SingleCaption">
    <failure type="com.pearson.test.eselenium.framework.exceptions.TimeOutException" message="Verification exception for element: Timed out: After 40077ms, failed while element initialization [Locator = {By.selector: button[id=&amp;apos;playBtn&amp;apos;][value=&amp;apos;Pause Video&amp;apos;]}]">
      <![CDATA[com.pearson.test.eselenium.framework.exceptions.TimeOutException: Verification exception for element: Timed out: After 40077ms, failed while element initialization [Locator = {By.selector: button[id='playBtn'][value='Pause Video']}]
	at com.pearson.test.eselenium.framework.elements.DefaultUIElement.waitToBePresent(DefaultUIElement.java:942)
	at com.pearson.test.eselenium.framework.elements.DefaultUIElement.waitToBePresent(DefaultUIElement.java:925)
	at com.pearson.test.eselenium.framework.elements.DefaultUIElement.getAttribute(DefaultUIElement.java:466)
	at com.pearson.tests.SingleCaption.ReplayButton(SingleCaption.java:252)
... Removed 24 stack frames]]>
    </failure>
  </testcase> <!-- ReplayButton -->
  <testcase name="ScreenMode" time="25.154" classname="com.pearson.tests.SingleCaption">
    <failure type="java.lang.AssertionError" message="expected [Enter Full Screen] but found [null]">
      <![CDATA[java.lang.AssertionError: expected [Enter Full Screen] but found [null]
	at com.pearson.tests.SingleCaption.ScreenMode(SingleCaption.java:153)
... Removed 29 stack frames]]>
    </failure>
  </testcase> <!-- ScreenMode -->
  <testcase name="TitleVerification" time="24.847" classname="com.pearson.tests.SingleCaption"/>
  <testcase name="VolumeController" time="25.37" classname="com.pearson.tests.SingleCaption"/>
</testsuite> <!-- Single Caption -->
