<?xml version="1.0" encoding="UTF-8"?>
<!-- Generated by org.testng.reporters.JUnitReportReporter -->
<testsuite hostname="HMECL000514" name="com.pearson.tests.Chaptering" tests="2" failures="2" timestamp="18 Apr 2014 09:25:11 GMT" time="19.622" errors="0">
  <testcase name="chapteringTitletipAppearsOnHover" time="0.000" classname="com.pearson.tests.Chaptering">
    <failure type="java.lang.Error" message="Unresolved compilation problems: 
	The type org.apache.log4j.Logger cannot be resolved. It is indirectly referenced from required .class files
	The import org.apache.log4j.Logger cannot be resolved
	The import org.testng cannot be resolved
	Logger cannot be resolved to a type
	Logger cannot be resolved
	Assert cannot be resolved
	Logger cannot be resolved to a type
	Logger cannot be resolved to a type
	Assert cannot be resolved
	Logger cannot be resolved to a type
	Assert cannot be resolved
	Logger cannot be resolved to a type
	Logger cannot be resolved to a type
	Logger cannot be resolved to a type
	Assert cannot be resolved
	Logger cannot be resolved to a type
	Assert cannot be resolved
	Logger cannot be resolved to a type
	Assert cannot be resolved
	Logger cannot be resolved to a type
	Assert cannot be resolved
	Logger cannot be resolved to a type
	Assert cannot be resolved
	Logger cannot be resolved to a type
	Assert cannot be resolved
	Assert cannot be resolved
	Assert cannot be resolved
	Assert cannot be resolved
	Assert cannot be resolved
	Assert cannot be resolved
	Assert cannot be resolved
	Assert cannot be resolved
	Assert cannot be resolved
	Assert cannot be resolved
	Assert cannot be resolved
	Assert cannot be resolved
	Assert cannot be resolved
	Assert cannot be resolved
">
      <![CDATA[java.lang.Error: Unresolved compilation problems: 
	The type org.apache.log4j.Logger cannot be resolved. It is indirectly referenced from required .class files
	The import org.apache.log4j.Logger cannot be resolved
	The import org.testng cannot be resolved
	Logger cannot be resolved to a type
	Logger cannot be resolved
	Assert cannot be resolved
	Logger cannot be resolved to a type
	Logger cannot be resolved to a type
	Assert cannot be resolved
	Logger cannot be resolved to a type
	Assert cannot be resolved
	Logger cannot be resolved to a type
	Logger cannot be resolved to a type
	Logger cannot be resolved to a type
	Assert cannot be resolved
	Logger cannot be resolved to a type
	Assert cannot be resolved
	Logger cannot be resolved to a type
	Assert cannot be resolved
	Logger cannot be resolved to a type
	Assert cannot be resolved
	Logger cannot be resolved to a type
	Assert cannot be resolved
	Logger cannot be resolved to a type
	Assert cannot be resolved
	Assert cannot be resolved
	Assert cannot be resolved
	Assert cannot be resolved
	Assert cannot be resolved
	Assert cannot be resolved
	Assert cannot be resolved
	Assert cannot be resolved
	Assert cannot be resolved
	Assert cannot be resolved
	Assert cannot be resolved
	Assert cannot be resolved
	Assert cannot be resolved
	Assert cannot be resolved

	at com.pearson.smartmediaplayer.GenericVideoPage.<init>(GenericVideoPage.java:1)
	at com.pearson.tests.Chaptering.chapteringTitletipAppearsOnHover(Chaptering.java:29)
	at sun.reflect.NativeMethodAccessorImpl.invoke0(Native Method)
	at sun.reflect.NativeMethodAccessorImpl.invoke(Unknown Source)
	at sun.reflect.DelegatingMethodAccessorImpl.invoke(Unknown Source)
	at java.lang.reflect.Method.invoke(Unknown Source)
	at org.testng.internal.MethodInvocationHelper.invokeMethod(MethodInvocationHelper.java:84)
	at org.testng.internal.Invoker.invokeMethod(Invoker.java:714)
	at org.testng.internal.Invoker.invokeTestMethod(Invoker.java:901)
	at org.testng.internal.Invoker.invokeTestMethods(Invoker.java:1231)
	at org.testng.internal.TestMethodWorker.invokeTestMethods(TestMethodWorker.java:127)
	at org.testng.internal.TestMethodWorker.run(TestMethodWorker.java:111)
	at org.testng.TestRunner.privateRun(TestRunner.java:767)
	at org.testng.TestRunner.run(TestRunner.java:617)
	at org.testng.SuiteRunner.runTest(SuiteRunner.java:334)
	at org.testng.SuiteRunner.runSequentially(SuiteRunner.java:329)
	at org.testng.SuiteRunner.privateRun(SuiteRunner.java:291)
	at org.testng.SuiteRunner.run(SuiteRunner.java:240)
	at org.testng.SuiteRunnerWorker.runSuite(SuiteRunnerWorker.java:52)
	at org.testng.SuiteRunnerWorker.run(SuiteRunnerWorker.java:86)
	at org.testng.TestNG.runSuitesSequentially(TestNG.java:1224)
	at org.testng.TestNG.runSuitesLocally(TestNG.java:1149)
	at org.testng.TestNG.run(TestNG.java:1057)
	at org.testng.remote.RemoteTestNG.run(RemoteTestNG.java:111)
	at org.testng.remote.RemoteTestNG.initAndRun(RemoteTestNG.java:204)
	at org.testng.remote.RemoteTestNG.main(RemoteTestNG.java:175)
]]>
    </failure>
  </testcase> <!-- chapteringTitletipAppearsOnHover -->
  <testcase name="chapteringTooltipAppearsOnHover" time="19.622" classname="com.pearson.tests.Chaptering">
    <failure type="java.lang.Error" message="Unresolved compilation problems: 
	The type org.apache.log4j.Logger cannot be resolved. It is indirectly referenced from required .class files
	The import org.apache.log4j.Logger cannot be resolved
	The import org.testng cannot be resolved
	Logger cannot be resolved to a type
	Logger cannot be resolved
	Assert cannot be resolved
	Logger cannot be resolved to a type
	Logger cannot be resolved to a type
	Assert cannot be resolved
	Logger cannot be resolved to a type
	Assert cannot be resolved
	Logger cannot be resolved to a type
	Logger cannot be resolved to a type
	Logger cannot be resolved to a type
	Assert cannot be resolved
	Logger cannot be resolved to a type
	Assert cannot be resolved
	Logger cannot be resolved to a type
	Assert cannot be resolved
	Logger cannot be resolved to a type
	Assert cannot be resolved
	Logger cannot be resolved to a type
	Assert cannot be resolved
	Logger cannot be resolved to a type
	Assert cannot be resolved
	Assert cannot be resolved
	Assert cannot be resolved
	Assert cannot be resolved
	Assert cannot be resolved
	Assert cannot be resolved
	Assert cannot be resolved
	Assert cannot be resolved
	Assert cannot be resolved
	Assert cannot be resolved
	Assert cannot be resolved
	Assert cannot be resolved
	Assert cannot be resolved
	Assert cannot be resolved
">
      <![CDATA[java.lang.Error: Unresolved compilation problems: 
	The type org.apache.log4j.Logger cannot be resolved. It is indirectly referenced from required .class files
	The import org.apache.log4j.Logger cannot be resolved
	The import org.testng cannot be resolved
	Logger cannot be resolved to a type
	Logger cannot be resolved
	Assert cannot be resolved
	Logger cannot be resolved to a type
	Logger cannot be resolved to a type
	Assert cannot be resolved
	Logger cannot be resolved to a type
	Assert cannot be resolved
	Logger cannot be resolved to a type
	Logger cannot be resolved to a type
	Logger cannot be resolved to a type
	Assert cannot be resolved
	Logger cannot be resolved to a type
	Assert cannot be resolved
	Logger cannot be resolved to a type
	Assert cannot be resolved
	Logger cannot be resolved to a type
	Assert cannot be resolved
	Logger cannot be resolved to a type
	Assert cannot be resolved
	Logger cannot be resolved to a type
	Assert cannot be resolved
	Assert cannot be resolved
	Assert cannot be resolved
	Assert cannot be resolved
	Assert cannot be resolved
	Assert cannot be resolved
	Assert cannot be resolved
	Assert cannot be resolved
	Assert cannot be resolved
	Assert cannot be resolved
	Assert cannot be resolved
	Assert cannot be resolved
	Assert cannot be resolved
	Assert cannot be resolved

	at com.pearson.smartmediaplayer.GenericVideoPage.<init>(GenericVideoPage.java:1)
	at com.pearson.tests.Chaptering.chapteringTooltipAppearsOnHover(Chaptering.java:95)
	at sun.reflect.NativeMethodAccessorImpl.invoke0(Native Method)
	at sun.reflect.NativeMethodAccessorImpl.invoke(Unknown Source)
	at sun.reflect.DelegatingMethodAccessorImpl.invoke(Unknown Source)
	at java.lang.reflect.Method.invoke(Unknown Source)
	at org.testng.internal.MethodInvocationHelper.invokeMethod(MethodInvocationHelper.java:84)
	at org.testng.internal.Invoker.invokeMethod(Invoker.java:714)
	at org.testng.internal.Invoker.invokeTestMethod(Invoker.java:901)
	at org.testng.internal.Invoker.invokeTestMethods(Invoker.java:1231)
	at org.testng.internal.TestMethodWorker.invokeTestMethods(TestMethodWorker.java:127)
	at org.testng.internal.TestMethodWorker.run(TestMethodWorker.java:111)
	at org.testng.TestRunner.privateRun(TestRunner.java:767)
	at org.testng.TestRunner.run(TestRunner.java:617)
	at org.testng.SuiteRunner.runTest(SuiteRunner.java:334)
	at org.testng.SuiteRunner.runSequentially(SuiteRunner.java:329)
	at org.testng.SuiteRunner.privateRun(SuiteRunner.java:291)
	at org.testng.SuiteRunner.run(SuiteRunner.java:240)
	at org.testng.SuiteRunnerWorker.runSuite(SuiteRunnerWorker.java:52)
	at org.testng.SuiteRunnerWorker.run(SuiteRunnerWorker.java:86)
	at org.testng.TestNG.runSuitesSequentially(TestNG.java:1224)
	at org.testng.TestNG.runSuitesLocally(TestNG.java:1149)
	at org.testng.TestNG.run(TestNG.java:1057)
	at org.testng.remote.RemoteTestNG.run(RemoteTestNG.java:111)
	at org.testng.remote.RemoteTestNG.initAndRun(RemoteTestNG.java:204)
	at org.testng.remote.RemoteTestNG.main(RemoteTestNG.java:175)
]]>
    </failure>
  </testcase> <!-- chapteringTooltipAppearsOnHover -->
</testsuite> <!-- com.pearson.tests.Chaptering -->
